2023-02-14 10:09:16,860 [INFO ] com.lms.common.DriverProperties [main] Initiated Edge driver
2023-02-14 10:09:17,045 [INFO ] com.lms.stepdefinition.LMSHomePageSteps [main] *********************************
2023-02-14 10:09:17,045 [INFO ] com.lms.stepdefinition.LMSHomePageSteps [main] TestCase 1 : Execution started
2023-02-14 10:09:30,014 [INFO ] com.lms.stepdefinition.LMSHomePageSteps [main] Entered the url for LMS :https://lms.ey.net/
2023-02-14 10:09:30,031 [INFO ] com.lms.stepdefinition.LMSHomePageSteps [main] LMS HomePage title is :LMS | Leave Management System- Home
2023-02-14 10:09:30,032 [INFO ] com.lms.stepdefinition.LMSHomePageSteps [main] LMS HomePage is displayed -Test Case Pass
2023-02-14 10:09:30,585 [INFO ] com.lms.common.ApplicationHooks [main] Closing the browser after test execution
2023-02-14 10:09:30,586 [INFO ] com.lms.common.ApplicationHooks [main] *************************************************
2023-02-14 10:09:33,534 [INFO ] com.lms.common.DriverProperties [main] Initiated Edge driver
2023-02-14 10:09:33,677 [INFO ] com.lms.stepdefinition.LMSHolidayListSteps [main] TestCase 2 : Execution started
2023-02-14 10:09:46,399 [INFO ] com.lms.stepdefinition.LMSHolidayListSteps [main] Entered the url for LMS :https://lms.ey.net/
2023-02-14 10:09:46,476 [INFO ] com.lms.pages.LMSHomePage [main] User clicks on the Holiday link
2023-02-14 10:09:51,529 [INFO ] com.lms.stepdefinition.LMSHolidayListSteps [main] LMS Holiday List is displayed
2023-02-14 10:09:51,529 [INFO ] com.lms.stepdefinition.LMSHolidayListSteps [main] LMS Holiday List page title is :Office Holiday list
2023-02-14 10:09:51,530 [INFO ] com.lms.pages.LMSHolidayListPage [main] Validate whether the count of public holidays is less than 10
2023-02-14 10:09:51,550 [INFO ] com.lms.pages.LMSHolidayListPage [main] No of rows in the table is: 39
2023-02-14 10:09:51,565 [INFO ] com.lms.pages.LMSHolidayListPage [main] No of columns in the table is: 4
2023-02-14 10:09:55,692 [INFO ] com.lms.pages.LMSHolidayListPage [main] Number of public holidays:11
2023-02-14 10:09:55,693 [INFO ] com.lms.stepdefinition.LMSHolidayListSteps [main] Count of Public Holdiays is greater than or equal to ten- Test Case Passed
2023-02-14 10:09:56,630 [INFO ] com.lms.common.ApplicationHooks [main] Screenshot captured for failed test case
2023-02-14 10:09:56,630 [INFO ] com.lms.common.ApplicationHooks [main] *************************************************
2023-02-14 10:09:57,185 [INFO ] com.lms.common.ApplicationHooks [main] Closing the browser after test execution
2023-02-14 10:09:57,185 [INFO ] com.lms.common.ApplicationHooks [main] *************************************************
2023-02-14 10:10:47,115 [INFO ] com.lms.common.DriverProperties [main] Initiated Edge driver
2023-02-14 10:10:47,271 [INFO ] com.lms.stepdefinition.LMSHomePageSteps [main] *********************************
2023-02-14 10:10:47,271 [INFO ] com.lms.stepdefinition.LMSHomePageSteps [main] TestCase 1 : Execution started
2023-02-14 10:11:00,340 [INFO ] com.lms.stepdefinition.LMSHomePageSteps [main] Entered the url for LMS :https://lms.ey.net/
2023-02-14 10:11:00,355 [INFO ] com.lms.stepdefinition.LMSHomePageSteps [main] LMS HomePage title is :LMS | Leave Management System- Home
2023-02-14 10:11:00,355 [INFO ] com.lms.stepdefinition.LMSHomePageSteps [main] LMS HomePage is displayed -Test Case Pass
2023-02-14 10:11:00,815 [INFO ] com.lms.common.ApplicationHooks [main] Closing the browser after test execution
2023-02-14 10:11:00,815 [INFO ] com.lms.common.ApplicationHooks [main] *************************************************
2023-02-14 10:11:03,718 [INFO ] com.lms.common.DriverProperties [main] Initiated Edge driver
2023-02-14 10:11:03,851 [INFO ] com.lms.stepdefinition.LMSHolidayListSteps [main] TestCase 2 : Execution started
2023-02-14 10:11:17,551 [INFO ] com.lms.stepdefinition.LMSHolidayListSteps [main] Entered the url for LMS :https://lms.ey.net/
2023-02-14 10:11:17,645 [INFO ] com.lms.pages.LMSHomePage [main] User clicks on the Holiday link
2023-02-14 10:11:22,692 [INFO ] com.lms.stepdefinition.LMSHolidayListSteps [main] LMS Holiday List is displayed
2023-02-14 10:11:22,693 [INFO ] com.lms.stepdefinition.LMSHolidayListSteps [main] LMS Holiday List page title is :Office Holiday list
2023-02-14 10:11:22,694 [INFO ] com.lms.pages.LMSHolidayListPage [main] Validate whether the count of public holidays is less than 10
2023-02-14 10:11:22,722 [INFO ] com.lms.pages.LMSHolidayListPage [main] No of rows in the table is: 39
2023-02-14 10:11:22,745 [INFO ] com.lms.pages.LMSHolidayListPage [main] No of columns in the table is: 4
2023-02-14 10:11:27,001 [INFO ] com.lms.pages.LMSHolidayListPage [main] Number of public holidays:11
2023-02-14 10:11:27,001 [INFO ] com.lms.stepdefinition.LMSHolidayListSteps [main] Count of Public Holdiays is greater than or equal to ten- Test Case Passed
2023-02-14 10:11:27,020 [INFO ] com.lms.pages.LMSHolidayListPage [main] Row :39 Clounm :4
2023-02-14 10:11:31,548 [INFO ] com.lms.pages.LMSHolidayListPage [main] Report generated
2023-02-14 10:11:32,139 [INFO ] com.lms.common.ApplicationHooks [main] Closing the browser after test execution
2023-02-14 10:11:32,139 [INFO ] com.lms.common.ApplicationHooks [main] *************************************************
2023-02-14 10:13:09,243 [INFO ] com.lms.common.DriverProperties [main] Initiated Edge driver
2023-02-14 10:13:09,407 [INFO ] com.lms.stepdefinition.LMSHomePageSteps [main] *********************************
2023-02-14 10:13:09,408 [INFO ] com.lms.stepdefinition.LMSHomePageSteps [main] TestCase 1 : Execution started
2023-02-14 10:13:24,186 [INFO ] com.lms.stepdefinition.LMSHomePageSteps [main] Entered the url for LMS :https://lms.ey.net/
2023-02-14 10:13:24,201 [INFO ] com.lms.stepdefinition.LMSHomePageSteps [main] LMS HomePage title is :LMS | Leave Management System- Home
2023-02-14 10:13:24,201 [INFO ] com.lms.stepdefinition.LMSHomePageSteps [main] LMS HomePage is displayed -Test Case Pass
2023-02-14 10:13:24,674 [INFO ] com.lms.common.ApplicationHooks [main] Closing the browser after test execution
2023-02-14 10:13:24,674 [INFO ] com.lms.common.ApplicationHooks [main] *************************************************
2023-02-14 10:13:27,620 [INFO ] com.lms.common.DriverProperties [main] Initiated Edge driver
2023-02-14 10:13:27,747 [INFO ] com.lms.stepdefinition.LMSHolidayListSteps [main] TestCase 2 : Execution started
2023-02-14 10:13:40,324 [INFO ] com.lms.stepdefinition.LMSHolidayListSteps [main] Entered the url for LMS :https://lms.ey.net/
2023-02-14 10:13:40,403 [INFO ] com.lms.pages.LMSHomePage [main] User clicks on the Holiday link
2023-02-14 10:13:45,453 [INFO ] com.lms.stepdefinition.LMSHolidayListSteps [main] LMS Holiday List is displayed
2023-02-14 10:13:45,453 [INFO ] com.lms.stepdefinition.LMSHolidayListSteps [main] LMS Holiday List page title is :Office Holiday list
2023-02-14 10:13:45,454 [INFO ] com.lms.pages.LMSHolidayListPage [main] Validate whether the count of public holidays is less than 10
2023-02-14 10:13:45,473 [INFO ] com.lms.pages.LMSHolidayListPage [main] No of rows in the table is: 39
2023-02-14 10:13:45,489 [INFO ] com.lms.pages.LMSHolidayListPage [main] No of columns in the table is: 4
2023-02-14 10:13:49,702 [INFO ] com.lms.pages.LMSHolidayListPage [main] Number of public holidays:11
2023-02-14 10:13:49,702 [INFO ] com.lms.stepdefinition.LMSHolidayListSteps [main] Count of Public Holdiays is greater than or equal to ten- Test Case Passed
2023-02-14 10:13:49,721 [INFO ] com.lms.pages.LMSHolidayListPage [main] Row :39 Clounm :4
2023-02-14 10:13:53,306 [INFO ] com.lms.pages.LMSHolidayListPage [main] Report generated
2023-02-14 10:13:54,182 [INFO ] com.lms.common.ApplicationHooks [main] Closing the browser after test execution
2023-02-14 10:13:54,182 [INFO ] com.lms.common.ApplicationHooks [main] *************************************************
2023-02-14 11:20:06,928 [INFO ] com.lms.common.DriverProperties [main] Initiated Edge driver
2023-02-14 11:20:07,103 [INFO ] com.lms.stepdefinition.LMSHomePageSteps [main] *********************************
2023-02-14 11:20:07,103 [INFO ] com.lms.stepdefinition.LMSHomePageSteps [main] TestCase 1 : Execution started
2023-02-14 11:20:21,222 [INFO ] com.lms.stepdefinition.LMSHomePageSteps [main] Entered the url for LMS :https://lms.ey.net/
2023-02-14 11:20:21,240 [INFO ] com.lms.stepdefinition.LMSHomePageSteps [main] LMS HomePage title is :LMS | Leave Management System- Home
2023-02-14 11:20:21,240 [INFO ] com.lms.stepdefinition.LMSHomePageSteps [main] LMS HomePage is displayed -Test Case Pass
2023-02-14 11:20:21,758 [INFO ] com.lms.common.ApplicationHooks [main] Closing the browser after test execution
2023-02-14 11:20:21,758 [INFO ] com.lms.common.ApplicationHooks [main] *************************************************
2023-02-14 11:20:24,817 [INFO ] com.lms.common.DriverProperties [main] Initiated Edge driver
2023-02-14 11:20:24,968 [INFO ] com.lms.stepdefinition.LMSHolidayListSteps [main] TestCase 2 : Execution started
2023-02-14 11:20:37,669 [INFO ] com.lms.stepdefinition.LMSHolidayListSteps [main] Entered the url for LMS :https://lms.ey.net/
2023-02-14 11:20:37,747 [INFO ] com.lms.pages.LMSHomePage [main] User clicks on the Holiday link
2023-02-14 11:20:42,796 [INFO ] com.lms.stepdefinition.LMSHolidayListSteps [main] LMS Holiday List is displayed
2023-02-14 11:20:42,796 [INFO ] com.lms.stepdefinition.LMSHolidayListSteps [main] LMS Holiday List page title is :Office Holiday list
2023-02-14 11:20:42,797 [INFO ] com.lms.pages.LMSHolidayListPage [main] Validate whether the count of public holidays is less than 10
2023-02-14 11:20:42,820 [INFO ] com.lms.pages.LMSHolidayListPage [main] No of rows in the table is: 39
2023-02-14 11:20:42,834 [INFO ] com.lms.pages.LMSHolidayListPage [main] No of columns in the table is: 4
2023-02-14 11:20:47,727 [INFO ] com.lms.pages.LMSHolidayListPage [main] Number of public holidays:11
2023-02-14 11:20:47,728 [INFO ] com.lms.stepdefinition.LMSHolidayListSteps [main] Count of Public Holdiays is greater than or equal to ten- Test Case Passed
2023-02-14 11:20:47,765 [INFO ] com.lms.pages.LMSHolidayListPage [main] Row :39 Clounm :4
2023-02-14 11:20:54,249 [INFO ] com.lms.pages.LMSHolidayListPage [main] Report generated
2023-02-14 11:21:01,138 [INFO ] com.lms.pages.LMSHolidayListPage [main] Report generated
2023-02-14 11:21:02,086 [INFO ] com.lms.common.ApplicationHooks [main] Closing the browser after test execution
2023-02-14 11:21:02,086 [INFO ] com.lms.common.ApplicationHooks [main] *************************************************
2023-02-14 11:22:55,884 [INFO ] com.lms.common.DriverProperties [main] Initiated Edge driver
2023-02-14 11:22:56,042 [INFO ] com.lms.stepdefinition.LMSHomePageSteps [main] *********************************
2023-02-14 11:22:56,043 [INFO ] com.lms.stepdefinition.LMSHomePageSteps [main] TestCase 1 : Execution started
2023-02-14 11:23:10,483 [INFO ] com.lms.stepdefinition.LMSHomePageSteps [main] Entered the url for LMS :https://lms.ey.net/
2023-02-14 11:23:10,504 [INFO ] com.lms.stepdefinition.LMSHomePageSteps [main] LMS HomePage title is :LMS | Leave Management System- Home
2023-02-14 11:23:10,504 [INFO ] com.lms.stepdefinition.LMSHomePageSteps [main] LMS HomePage is displayed -Test Case Pass
2023-02-14 11:23:11,002 [INFO ] com.lms.common.ApplicationHooks [main] Closing the browser after test execution
2023-02-14 11:23:11,002 [INFO ] com.lms.common.ApplicationHooks [main] *************************************************
2023-02-14 11:23:13,936 [INFO ] com.lms.common.DriverProperties [main] Initiated Edge driver
2023-02-14 11:23:14,069 [INFO ] com.lms.stepdefinition.LMSHolidayListSteps [main] TestCase 2 : Execution started
2023-02-14 11:23:27,109 [INFO ] com.lms.stepdefinition.LMSHolidayListSteps [main] Entered the url for LMS :https://lms.ey.net/
2023-02-14 11:23:27,196 [INFO ] com.lms.pages.LMSHomePage [main] User clicks on the Holiday link
2023-02-14 11:23:32,256 [INFO ] com.lms.stepdefinition.LMSHolidayListSteps [main] LMS Holiday List is displayed
2023-02-14 11:23:32,256 [INFO ] com.lms.stepdefinition.LMSHolidayListSteps [main] LMS Holiday List page title is :Office Holiday list
2023-02-14 11:23:32,257 [INFO ] com.lms.pages.LMSHolidayListPage [main] Validate whether the count of public holidays is less than 10
2023-02-14 11:23:32,287 [INFO ] com.lms.pages.LMSHolidayListPage [main] No of rows in the table is: 39
2023-02-14 11:23:32,303 [INFO ] com.lms.pages.LMSHolidayListPage [main] No of columns in the table is: 4
2023-02-14 11:23:36,645 [INFO ] com.lms.pages.LMSHolidayListPage [main] Number of public holidays:11
2023-02-14 11:23:36,645 [INFO ] com.lms.stepdefinition.LMSHolidayListSteps [main] Count of Public Holdiays is greater than or equal to ten- Test Case Passed
2023-02-14 11:23:36,662 [INFO ] com.lms.pages.LMSHolidayListPage [main] Row :39 Clounm :4
2023-02-14 11:23:40,278 [INFO ] com.lms.pages.LMSHolidayListPage [main] Report generated
2023-02-14 11:23:43,297 [INFO ] com.lms.pages.LMSHolidayListPage [main] Report generated
2023-02-14 11:23:43,977 [INFO ] com.lms.common.ApplicationHooks [main] Closing the browser after test execution
2023-02-14 11:23:43,978 [INFO ] com.lms.common.ApplicationHooks [main] *************************************************
2023-02-14 14:21:36,502 [INFO ] com.lms.common.DriverProperties [main] Initiated Edge driver
2023-02-14 14:21:36,720 [INFO ] com.lms.stepdefinition.LMSHomePageSteps [main] *********************************
2023-02-14 14:21:36,721 [INFO ] com.lms.stepdefinition.LMSHomePageSteps [main] TestCase 1 : Execution started
2023-02-14 14:21:49,740 [INFO ] com.lms.stepdefinition.LMSHomePageSteps [main] Entered the url for LMS :https://lms.ey.net/
2023-02-14 14:21:49,765 [INFO ] com.lms.stepdefinition.LMSHomePageSteps [main] LMS HomePage title is :LMS | Leave Management System- Home
2023-02-14 14:21:49,765 [INFO ] com.lms.stepdefinition.LMSHomePageSteps [main] LMS HomePage is displayed -Test Case Pass
2023-02-14 14:21:50,418 [INFO ] com.lms.common.ApplicationHooks [main] Closing the browser after test execution
2023-02-14 14:21:50,419 [INFO ] com.lms.common.ApplicationHooks [main] *************************************************
2023-02-14 14:21:54,579 [INFO ] com.lms.common.DriverProperties [main] Initiated Edge driver
2023-02-14 14:21:54,743 [INFO ] com.lms.stepdefinition.LMSHolidayListSteps [main] TestCase 2 : Execution started
2023-02-14 14:22:07,724 [INFO ] com.lms.stepdefinition.LMSHolidayListSteps [main] Entered the url for LMS :https://lms.ey.net/
2023-02-14 14:22:07,845 [INFO ] com.lms.pages.LMSHomePage [main] User clicks on the Holiday link
2023-02-14 14:22:12,883 [INFO ] com.lms.stepdefinition.LMSHolidayListSteps [main] LMS Holiday List is displayed
2023-02-14 14:22:12,884 [INFO ] com.lms.stepdefinition.LMSHolidayListSteps [main] LMS Holiday List page title is :Office Holiday list
2023-02-14 14:22:12,885 [INFO ] com.lms.pages.LMSHolidayListPage [main] Validate whether the count of public holidays is less than 10
2023-02-14 14:22:12,908 [INFO ] com.lms.pages.LMSHolidayListPage [main] No of rows in the table is: 39
2023-02-14 14:22:12,921 [INFO ] com.lms.pages.LMSHolidayListPage [main] No of columns in the table is: 4
2023-02-14 14:22:18,232 [INFO ] com.lms.pages.LMSHolidayListPage [main] Number of public holidays:11
2023-02-14 14:22:18,234 [INFO ] com.lms.stepdefinition.LMSHolidayListSteps [main] Count of Public Holdiays is greater than or equal to ten- Test Case Passed
2023-02-14 14:22:18,259 [INFO ] com.lms.pages.LMSHolidayListPage [main] Row :39 Clounm :4
2023-02-14 14:22:23,215 [INFO ] com.lms.pages.LMSHolidayListPage [main] Report generated
2023-02-14 14:22:27,788 [INFO ] com.lms.pages.LMSHolidayListPage [main] Report generated
2023-02-14 14:22:28,921 [INFO ] com.lms.common.ApplicationHooks [main] Closing the browser after test execution
2023-02-14 14:22:28,921 [INFO ] com.lms.common.ApplicationHooks [main] *************************************************
2023-02-14 14:24:19,546 [INFO ] com.lms.common.DriverProperties [main] Initiated Edge driver
2023-02-14 14:24:19,739 [INFO ] com.lms.stepdefinition.LMSHomePageSteps [main] *********************************
2023-02-14 14:24:19,740 [INFO ] com.lms.stepdefinition.LMSHomePageSteps [main] TestCase 1 : Execution started
2023-02-14 14:24:32,563 [INFO ] com.lms.stepdefinition.LMSHomePageSteps [main] Entered the url for LMS :https://lms.ey.net/
2023-02-14 14:24:32,585 [INFO ] com.lms.stepdefinition.LMSHomePageSteps [main] LMS HomePage title is :LMS | Leave Management System- Home
2023-02-14 14:24:32,586 [INFO ] com.lms.stepdefinition.LMSHomePageSteps [main] LMS HomePage is displayed -Test Case Pass
2023-02-14 14:24:33,258 [INFO ] com.lms.common.ApplicationHooks [main] Closing the browser after test execution
2023-02-14 14:24:33,259 [INFO ] com.lms.common.ApplicationHooks [main] *************************************************
2023-02-14 14:24:37,481 [INFO ] com.lms.common.DriverProperties [main] Initiated Edge driver
2023-02-14 14:24:37,722 [INFO ] com.lms.stepdefinition.LMSHolidayListSteps [main] TestCase 2 : Execution started
2023-02-14 14:24:51,122 [INFO ] com.lms.stepdefinition.LMSHolidayListSteps [main] Entered the url for LMS :https://lms.ey.net/
2023-02-14 14:24:51,217 [INFO ] com.lms.pages.LMSHomePage [main] User clicks on the Holiday link
2023-02-14 14:24:56,258 [INFO ] com.lms.stepdefinition.LMSHolidayListSteps [main] LMS Holiday List is displayed
2023-02-14 14:24:56,258 [INFO ] com.lms.stepdefinition.LMSHolidayListSteps [main] LMS Holiday List page title is :Office Holiday list
2023-02-14 14:24:56,259 [INFO ] com.lms.pages.LMSHolidayListPage [main] Validate whether the count of public holidays is less than 10
2023-02-14 14:24:56,283 [INFO ] com.lms.pages.LMSHolidayListPage [main] No of rows in the table is: 39
2023-02-14 14:24:56,307 [INFO ] com.lms.pages.LMSHolidayListPage [main] No of columns in the table is: 4
2023-02-14 14:25:01,986 [INFO ] com.lms.pages.LMSHolidayListPage [main] Number of public holidays:11
2023-02-14 14:25:01,987 [INFO ] com.lms.stepdefinition.LMSHolidayListSteps [main] Count of Public Holdiays is greater than or equal to ten- Test Case Passed
2023-02-14 14:25:02,012 [INFO ] com.lms.pages.LMSHolidayListPage [main] Row :39 Clounm :4
2023-02-14 14:25:21,717 [INFO ] com.lms.pages.LMSHolidayListPage [main] Report generated
2023-02-14 14:26:38,469 [INFO ] com.lms.pages.LMSHolidayListPage [main] Report generated
2023-02-14 14:26:39,308 [INFO ] com.lms.common.ApplicationHooks [main] Closing the browser after test execution
2023-02-14 14:26:39,308 [INFO ] com.lms.common.ApplicationHooks [main] *************************************************
2023-02-14 14:27:36,655 [INFO ] com.lms.common.DriverProperties [main] Initiated Edge driver
2023-02-14 14:27:36,860 [INFO ] com.lms.stepdefinition.LMSHomePageSteps [main] *********************************
2023-02-14 14:27:36,861 [INFO ] com.lms.stepdefinition.LMSHomePageSteps [main] TestCase 1 : Execution started
2023-02-14 14:27:49,844 [INFO ] com.lms.stepdefinition.LMSHomePageSteps [main] Entered the url for LMS :https://lms.ey.net/
2023-02-14 14:27:49,864 [INFO ] com.lms.stepdefinition.LMSHomePageSteps [main] LMS HomePage title is :LMS | Leave Management System- Home
2023-02-14 14:27:49,864 [INFO ] com.lms.stepdefinition.LMSHomePageSteps [main] LMS HomePage is displayed -Test Case Pass
2023-02-14 14:27:50,459 [INFO ] com.lms.common.ApplicationHooks [main] Closing the browser after test execution
2023-02-14 14:27:50,459 [INFO ] com.lms.common.ApplicationHooks [main] *************************************************
2023-02-14 14:27:54,603 [INFO ] com.lms.common.DriverProperties [main] Initiated Edge driver
2023-02-14 14:27:54,843 [INFO ] com.lms.stepdefinition.LMSHolidayListSteps [main] TestCase 2 : Execution started
2023-02-14 14:28:11,420 [INFO ] com.lms.stepdefinition.LMSHolidayListSteps [main] Entered the url for LMS :https://lms.ey.net/
2023-02-14 14:28:11,494 [INFO ] com.lms.pages.LMSHomePage [main] User clicks on the Holiday link
2023-02-14 14:28:16,535 [INFO ] com.lms.stepdefinition.LMSHolidayListSteps [main] LMS Holiday List is displayed
2023-02-14 14:28:16,536 [INFO ] com.lms.stepdefinition.LMSHolidayListSteps [main] LMS Holiday List page title is :Office Holiday list
2023-02-14 14:28:16,537 [INFO ] com.lms.pages.LMSHolidayListPage [main] Validate whether the count of public holidays is less than 10
2023-02-14 14:28:16,561 [INFO ] com.lms.pages.LMSHolidayListPage [main] No of rows in the table is: 39
2023-02-14 14:28:16,579 [INFO ] com.lms.pages.LMSHolidayListPage [main] No of columns in the table is: 4
2023-02-14 14:28:22,066 [INFO ] com.lms.pages.LMSHolidayListPage [main] Number of public holidays:11
2023-02-14 14:28:22,066 [INFO ] com.lms.stepdefinition.LMSHolidayListSteps [main] Count of Public Holdiays is greater than or equal to ten- Test Case Passed
2023-02-14 14:28:22,095 [INFO ] com.lms.pages.LMSHolidayListPage [main] Row :39 Clounm :4
2023-02-14 16:42:19,279 [INFO ] com.lms.common.DriverProperties [main] Initiated Edge driver
2023-02-14 16:42:19,459 [INFO ] com.lms.stepdefinition.LMSHomePageSteps [main] *********************************
2023-02-14 16:42:19,459 [INFO ] com.lms.stepdefinition.LMSHomePageSteps [main] TestCase 1 : Execution started
2023-02-14 16:42:34,082 [INFO ] com.lms.stepdefinition.LMSHomePageSteps [main] Entered the url for LMS :https://lms.ey.net/
2023-02-14 16:42:34,098 [INFO ] com.lms.stepdefinition.LMSHomePageSteps [main] LMS HomePage title is :LMS | Leave Management System- Home
2023-02-14 16:42:34,099 [INFO ] com.lms.stepdefinition.LMSHomePageSteps [main] LMS HomePage is displayed -Test Case Pass
2023-02-14 16:42:34,563 [INFO ] com.lms.common.ApplicationHooks [main] Closing the browser after test execution
2023-02-14 16:42:34,564 [INFO ] com.lms.common.ApplicationHooks [main] *************************************************
2023-02-14 16:42:37,758 [INFO ] com.lms.common.DriverProperties [main] Initiated Edge driver
2023-02-14 16:42:37,976 [INFO ] com.lms.stepdefinition.LMSHolidayListSteps [main] TestCase 2 : Execution started
2023-02-14 16:43:36,847 [INFO ] com.lms.stepdefinition.LMSHolidayListSteps [main] Entered the url for LMS :https://lms.ey.net/
2023-02-14 16:43:37,025 [INFO ] com.lms.pages.LMSHomePage [main] User clicks on the Holiday link
2023-02-14 16:43:42,074 [INFO ] com.lms.stepdefinition.LMSHolidayListSteps [main] LMS Holiday List is displayed
2023-02-14 16:43:42,074 [INFO ] com.lms.stepdefinition.LMSHolidayListSteps [main] LMS Holiday List page title is :Office Holiday list
2023-02-14 16:43:42,076 [INFO ] com.lms.pages.LMSHolidayListPage [main] Validate whether the count of public holidays is less than 10
2023-02-14 16:43:42,107 [INFO ] com.lms.pages.LMSHolidayListPage [main] No of rows in the table is: 39
2023-02-14 16:43:42,129 [INFO ] com.lms.pages.LMSHolidayListPage [main] No of columns in the table is: 4
2023-02-14 16:43:50,153 [INFO ] com.lms.pages.LMSHolidayListPage [main] Number of public holidays:11
2023-02-14 16:43:50,154 [INFO ] com.lms.stepdefinition.LMSHolidayListSteps [main] Count of Public Holdiays is greater than or equal to ten- Test Case Passed
2023-02-14 16:43:50,213 [INFO ] com.lms.pages.LMSHolidayListPage [main] Row :39 Clounm :4
2023-02-14 16:48:14,373 [INFO ] com.lms.common.DriverProperties [main] Initiated Edge driver
2023-02-14 16:48:14,555 [INFO ] com.lms.stepdefinition.LMSHomePageSteps [main] *********************************
2023-02-14 16:48:14,555 [INFO ] com.lms.stepdefinition.LMSHomePageSteps [main] TestCase 1 : Execution started
2023-02-14 16:48:28,489 [INFO ] com.lms.stepdefinition.LMSHomePageSteps [main] Entered the url for LMS :https://lms.ey.net/
2023-02-14 16:48:28,506 [INFO ] com.lms.stepdefinition.LMSHomePageSteps [main] LMS HomePage title is :LMS | Leave Management System- Home
2023-02-14 16:48:28,507 [INFO ] com.lms.stepdefinition.LMSHomePageSteps [main] LMS HomePage is displayed -Test Case Pass
2023-02-14 16:48:29,090 [INFO ] com.lms.common.ApplicationHooks [main] Closing the browser after test execution
2023-02-14 16:48:29,091 [INFO ] com.lms.common.ApplicationHooks [main] *************************************************
2023-02-14 16:48:33,249 [INFO ] com.lms.common.DriverProperties [main] Initiated Edge driver
2023-02-14 16:48:33,498 [INFO ] com.lms.stepdefinition.LMSHolidayListSteps [main] TestCase 2 : Execution started
2023-02-14 16:50:48,577 [INFO ] com.lms.stepdefinition.LMSHolidayListSteps [main] Entered the url for LMS :https://lms.ey.net/
2023-02-14 16:50:56,012 [INFO ] com.lms.common.ApplicationHooks [main] Screenshot captured for failed test case
2023-02-14 16:50:56,013 [INFO ] com.lms.common.ApplicationHooks [main] *************************************************
2023-02-14 16:50:56,640 [INFO ] com.lms.common.ApplicationHooks [main] Closing the browser after test execution
2023-02-14 16:50:56,641 [INFO ] com.lms.common.ApplicationHooks [main] *************************************************
2023-02-14 16:51:30,057 [INFO ] com.lms.common.DriverProperties [main] Initiated Edge driver
2023-02-14 16:51:30,261 [INFO ] com.lms.stepdefinition.LMSHomePageSteps [main] *********************************
2023-02-14 16:51:30,261 [INFO ] com.lms.stepdefinition.LMSHomePageSteps [main] TestCase 1 : Execution started
2023-02-14 16:51:44,203 [INFO ] com.lms.stepdefinition.LMSHomePageSteps [main] Entered the url for LMS :https://lms.ey.net/
2023-02-14 16:51:44,219 [INFO ] com.lms.stepdefinition.LMSHomePageSteps [main] LMS HomePage title is :LMS | Leave Management System- Home
2023-02-14 16:51:44,219 [INFO ] com.lms.stepdefinition.LMSHomePageSteps [main] LMS HomePage is displayed -Test Case Pass
2023-02-14 16:51:44,948 [INFO ] com.lms.common.ApplicationHooks [main] Closing the browser after test execution
2023-02-14 16:51:44,949 [INFO ] com.lms.common.ApplicationHooks [main] *************************************************
2023-02-14 16:51:48,819 [INFO ] com.lms.common.DriverProperties [main] Initiated Edge driver
2023-02-14 16:51:49,037 [INFO ] com.lms.stepdefinition.LMSHolidayListSteps [main] TestCase 2 : Execution started
2023-02-14 16:52:03,789 [INFO ] com.lms.stepdefinition.LMSHolidayListSteps [main] Entered the url for LMS :https://lms.ey.net/
2023-02-14 16:52:03,873 [INFO ] com.lms.pages.LMSHomePage [main] User clicks on the Holiday link
2023-02-14 16:52:08,919 [INFO ] com.lms.stepdefinition.LMSHolidayListSteps [main] LMS Holiday List is displayed
2023-02-14 16:52:08,920 [INFO ] com.lms.stepdefinition.LMSHolidayListSteps [main] LMS Holiday List page title is :Office Holiday list
2023-02-14 16:52:08,921 [INFO ] com.lms.pages.LMSHolidayListPage [main] Validate whether the count of public holidays is less than 10
2023-02-14 16:52:08,939 [INFO ] com.lms.pages.LMSHolidayListPage [main] No of rows in the table is: 39
2023-02-14 16:52:08,954 [INFO ] com.lms.pages.LMSHolidayListPage [main] No of columns in the table is: 4
2023-02-14 16:52:13,283 [INFO ] com.lms.pages.LMSHolidayListPage [main] Number of public holidays:11
2023-02-14 16:52:13,283 [INFO ] com.lms.stepdefinition.LMSHolidayListSteps [main] Count of Public Holdiays is greater than or equal to ten- Test Case Passed
2023-02-14 16:52:13,302 [INFO ] com.lms.pages.LMSHolidayListPage [main] Row :39 Clounm :4
2023-02-14 17:01:43,012 [INFO ] com.lms.common.DriverProperties [main] Initiated Edge driver
2023-02-14 17:01:43,582 [INFO ] com.lms.common.ApplicationHooks [main] Closing the browser after test execution
2023-02-14 17:01:43,583 [INFO ] com.lms.common.ApplicationHooks [main] *************************************************
2023-02-14 17:02:08,278 [INFO ] com.lms.common.DriverProperties [main] Initiated Edge driver
2023-02-14 17:02:08,444 [INFO ] com.lms.stepdefinition.LMSHomePageSteps [main] *********************************
2023-02-14 17:02:08,444 [INFO ] com.lms.stepdefinition.LMSHomePageSteps [main] TestCase 1 : Execution started
2023-02-14 17:02:22,639 [INFO ] com.lms.stepdefinition.LMSHomePageSteps [main] Entered the url for LMS :https://lms.ey.net/
2023-02-14 17:02:22,654 [INFO ] com.lms.stepdefinition.LMSHomePageSteps [main] LMS HomePage title is :LMS | Leave Management System- Home
2023-02-14 17:02:22,655 [INFO ] com.lms.stepdefinition.LMSHomePageSteps [main] LMS HomePage is displayed -Test Case Pass
2023-02-14 17:02:23,215 [INFO ] com.lms.common.ApplicationHooks [main] Closing the browser after test execution
2023-02-14 17:02:23,216 [INFO ] com.lms.common.ApplicationHooks [main] *************************************************
2023-02-14 17:02:26,255 [INFO ] com.lms.common.DriverProperties [main] Initiated Edge driver
2023-02-14 17:02:26,455 [INFO ] com.lms.stepdefinition.LMSHolidayListSteps [main] TestCase 2 : Execution started
2023-02-14 17:02:39,956 [INFO ] com.lms.stepdefinition.LMSHolidayListSteps [main] Entered the url for LMS :https://lms.ey.net/
2023-02-14 17:02:40,044 [INFO ] com.lms.pages.LMSHomePage [main] User clicks on the Holiday link
2023-02-14 17:02:45,101 [INFO ] com.lms.stepdefinition.LMSHolidayListSteps [main] LMS Holiday List is displayed
2023-02-14 17:02:45,101 [INFO ] com.lms.stepdefinition.LMSHolidayListSteps [main] LMS Holiday List page title is :Office Holiday list
2023-02-14 17:02:45,102 [INFO ] com.lms.pages.LMSHolidayListPage [main] Validate whether the count of public holidays is less than 10
2023-02-14 17:02:45,127 [INFO ] com.lms.pages.LMSHolidayListPage [main] No of rows in the table is: 39
2023-02-14 17:02:45,141 [INFO ] com.lms.pages.LMSHolidayListPage [main] No of columns in the table is: 4
2023-02-14 17:02:49,989 [INFO ] com.lms.pages.LMSHolidayListPage [main] Number of public holidays:11
2023-02-14 17:02:49,990 [INFO ] com.lms.stepdefinition.LMSHolidayListSteps [main] Count of Public Holdiays is greater than or equal to ten- Test Case Passed
2023-02-14 17:02:50,017 [INFO ] com.lms.pages.LMSHolidayListPage [main] Row :39 Clounm :4
2023-02-14 17:08:05,891 [INFO ] com.lms.common.DriverProperties [main] Initiated Edge driver
2023-02-14 17:08:06,093 [INFO ] com.lms.stepdefinition.LMSHomePageSteps [main] *********************************
2023-02-14 17:08:06,093 [INFO ] com.lms.stepdefinition.LMSHomePageSteps [main] TestCase 1 : Execution started
2023-02-14 17:08:20,226 [INFO ] com.lms.stepdefinition.LMSHomePageSteps [main] Entered the url for LMS :https://lms.ey.net/
2023-02-14 17:08:20,242 [INFO ] com.lms.stepdefinition.LMSHomePageSteps [main] LMS HomePage title is :LMS | Leave Management System- Home
2023-02-14 17:08:20,242 [INFO ] com.lms.stepdefinition.LMSHomePageSteps [main] LMS HomePage is displayed -Test Case Pass
2023-02-14 17:08:20,808 [INFO ] com.lms.common.ApplicationHooks [main] Closing the browser after test execution
2023-02-14 17:08:20,809 [INFO ] com.lms.common.ApplicationHooks [main] *************************************************
2023-02-14 17:08:24,721 [INFO ] com.lms.common.DriverProperties [main] Initiated Edge driver
2023-02-14 17:08:24,976 [INFO ] com.lms.stepdefinition.LMSHolidayListSteps [main] TestCase 2 : Execution started
2023-02-14 17:08:39,172 [INFO ] com.lms.stepdefinition.LMSHolidayListSteps [main] Entered the url for LMS :https://lms.ey.net/
2023-02-14 17:08:39,272 [INFO ] com.lms.pages.LMSHomePage [main] User clicks on the Holiday link
2023-02-14 17:08:44,330 [INFO ] com.lms.stepdefinition.LMSHolidayListSteps [main] LMS Holiday List is displayed
2023-02-14 17:08:44,330 [INFO ] com.lms.stepdefinition.LMSHolidayListSteps [main] LMS Holiday List page title is :Office Holiday list
2023-02-14 17:08:44,333 [INFO ] com.lms.pages.LMSHolidayListPage [main] Validate whether the count of public holidays is less than 10
2023-02-14 17:08:44,366 [INFO ] com.lms.pages.LMSHolidayListPage [main] No of rows in the table is: 39
2023-02-14 17:08:44,389 [INFO ] com.lms.pages.LMSHolidayListPage [main] No of columns in the table is: 4
2023-02-14 17:08:50,213 [INFO ] com.lms.pages.LMSHolidayListPage [main] Number of public holidays:11
2023-02-14 17:08:50,214 [INFO ] com.lms.stepdefinition.LMSHolidayListSteps [main] Count of Public Holdiays is greater than or equal to ten- Test Case Passed
2023-02-14 17:08:50,240 [INFO ] com.lms.pages.LMSHolidayListPage [main] Row :39 Clounm :4
2023-02-14 17:13:06,665 [INFO ] com.lms.common.DriverProperties [main] Initiated Edge driver
2023-02-14 17:13:06,809 [INFO ] com.lms.stepdefinition.LMSHomePageSteps [main] *********************************
2023-02-14 17:13:06,810 [INFO ] com.lms.stepdefinition.LMSHomePageSteps [main] TestCase 1 : Execution started
2023-02-14 17:13:20,052 [INFO ] com.lms.stepdefinition.LMSHomePageSteps [main] Entered the url for LMS :https://lms.ey.net/
2023-02-14 17:13:20,071 [INFO ] com.lms.stepdefinition.LMSHomePageSteps [main] LMS HomePage title is :LMS | Leave Management System- Home
2023-02-14 17:13:20,072 [INFO ] com.lms.stepdefinition.LMSHomePageSteps [main] LMS HomePage is displayed -Test Case Pass
2023-02-14 17:13:20,572 [INFO ] com.lms.common.ApplicationHooks [main] Closing the browser after test execution
2023-02-14 17:13:20,572 [INFO ] com.lms.common.ApplicationHooks [main] *************************************************
2023-02-14 17:13:23,448 [INFO ] com.lms.common.DriverProperties [main] Initiated Edge driver
2023-02-14 17:13:23,644 [INFO ] com.lms.stepdefinition.LMSHolidayListSteps [main] TestCase 2 : Execution started
2023-02-14 17:13:36,866 [INFO ] com.lms.stepdefinition.LMSHolidayListSteps [main] Entered the url for LMS :https://lms.ey.net/
2023-02-14 17:13:36,943 [INFO ] com.lms.pages.LMSHomePage [main] User clicks on the Holiday link
2023-02-14 17:13:41,986 [INFO ] com.lms.stepdefinition.LMSHolidayListSteps [main] LMS Holiday List is displayed
2023-02-14 17:13:41,986 [INFO ] com.lms.stepdefinition.LMSHolidayListSteps [main] LMS Holiday List page title is :Office Holiday list
2023-02-14 17:13:41,987 [INFO ] com.lms.pages.LMSHolidayListPage [main] Validate whether the count of public holidays is less than 10
2023-02-14 17:13:42,007 [INFO ] com.lms.pages.LMSHolidayListPage [main] No of rows in the table is: 39
2023-02-14 17:13:42,022 [INFO ] com.lms.pages.LMSHolidayListPage [main] No of columns in the table is: 4
2023-02-14 17:13:46,344 [INFO ] com.lms.pages.LMSHolidayListPage [main] Number of public holidays:11
2023-02-14 17:13:46,344 [INFO ] com.lms.stepdefinition.LMSHolidayListSteps [main] Count of Public Holdiays is greater than or equal to ten- Test Case Passed
2023-02-14 17:13:46,363 [INFO ] com.lms.pages.LMSHolidayListPage [main] Row :39 Clounm :4
2023-02-14 17:22:27,616 [INFO ] com.lms.common.DriverProperties [main] Initiated Edge driver
2023-02-14 17:22:27,802 [INFO ] com.lms.stepdefinition.LMSHomePageSteps [main] *********************************
2023-02-14 17:22:27,802 [INFO ] com.lms.stepdefinition.LMSHomePageSteps [main] TestCase 1 : Execution started
2023-02-14 17:22:41,428 [INFO ] com.lms.stepdefinition.LMSHomePageSteps [main] Entered the url for LMS :https://lms.ey.net/
2023-02-14 17:22:41,445 [INFO ] com.lms.stepdefinition.LMSHomePageSteps [main] LMS HomePage title is :LMS | Leave Management System- Home
2023-02-14 17:22:41,445 [INFO ] com.lms.stepdefinition.LMSHomePageSteps [main] LMS HomePage is displayed -Test Case Pass
2023-02-14 17:22:41,952 [INFO ] com.lms.common.ApplicationHooks [main] Closing the browser after test execution
2023-02-14 17:22:41,952 [INFO ] com.lms.common.ApplicationHooks [main] *************************************************
2023-02-14 17:22:44,871 [INFO ] com.lms.common.DriverProperties [main] Initiated Edge driver
2023-02-14 17:22:45,080 [INFO ] com.lms.stepdefinition.LMSHolidayListSteps [main] TestCase 2 : Execution started
2023-02-14 17:22:58,370 [INFO ] com.lms.stepdefinition.LMSHolidayListSteps [main] Entered the url for LMS :https://lms.ey.net/
2023-02-14 17:22:58,475 [INFO ] com.lms.pages.LMSHomePage [main] User clicks on the Holiday link
2023-02-14 17:23:03,534 [INFO ] com.lms.stepdefinition.LMSHolidayListSteps [main] LMS Holiday List is displayed
2023-02-14 17:23:03,534 [INFO ] com.lms.stepdefinition.LMSHolidayListSteps [main] LMS Holiday List page title is :Office Holiday list
2023-02-14 17:23:03,536 [INFO ] com.lms.pages.LMSHolidayListPage [main] Validate whether the count of public holidays is less than 10
2023-02-14 17:23:03,560 [INFO ] com.lms.pages.LMSHolidayListPage [main] No of rows in the table is: 39
2023-02-14 17:23:03,577 [INFO ] com.lms.pages.LMSHolidayListPage [main] No of columns in the table is: 4
2023-02-14 17:23:09,223 [INFO ] com.lms.pages.LMSHolidayListPage [main] Number of public holidays:11
2023-02-14 17:23:09,223 [INFO ] com.lms.stepdefinition.LMSHolidayListSteps [main] Count of Public Holdiays is greater than or equal to ten- Test Case Passed
2023-02-14 17:23:09,245 [INFO ] com.lms.pages.LMSHolidayListPage [main] Row :39 Clounm :4
2023-02-14 17:25:56,069 [INFO ] com.lms.common.DriverProperties [main] Initiated Edge driver
2023-02-14 17:25:56,291 [INFO ] com.lms.stepdefinition.LMSHomePageSteps [main] *********************************
2023-02-14 17:25:56,291 [INFO ] com.lms.stepdefinition.LMSHomePageSteps [main] TestCase 1 : Execution started
2023-02-14 17:28:10,006 [INFO ] com.lms.stepdefinition.LMSHomePageSteps [main] Entered the url for LMS :https://lms.ey.net/
2023-02-14 17:28:10,745 [INFO ] com.lms.common.ApplicationHooks [main] Closing the browser after test execution
2023-02-14 17:28:10,746 [INFO ] com.lms.common.ApplicationHooks [main] *************************************************
2023-02-14 17:28:14,165 [INFO ] com.lms.common.DriverProperties [main] Initiated Edge driver
2023-02-14 17:28:14,379 [INFO ] com.lms.stepdefinition.LMSHolidayListSteps [main] TestCase 2 : Execution started
2023-02-14 17:28:27,340 [INFO ] com.lms.stepdefinition.LMSHolidayListSteps [main] Entered the url for LMS :https://lms.ey.net/
2023-02-14 17:28:27,416 [INFO ] com.lms.pages.LMSHomePage [main] User clicks on the Holiday link
2023-02-14 17:28:32,482 [INFO ] com.lms.stepdefinition.LMSHolidayListSteps [main] LMS Holiday List is displayed
2023-02-14 17:28:32,482 [INFO ] com.lms.stepdefinition.LMSHolidayListSteps [main] LMS Holiday List page title is :Office Holiday list
2023-02-14 17:28:32,484 [INFO ] com.lms.pages.LMSHolidayListPage [main] Validate whether the count of public holidays is less than 10
2023-02-14 17:28:32,534 [INFO ] com.lms.pages.LMSHolidayListPage [main] No of rows in the table is: 39
2023-02-14 17:28:32,550 [INFO ] com.lms.pages.LMSHolidayListPage [main] No of columns in the table is: 4
2023-02-14 17:28:37,049 [INFO ] com.lms.pages.LMSHolidayListPage [main] Number of public holidays:11
2023-02-14 17:28:37,049 [INFO ] com.lms.stepdefinition.LMSHolidayListSteps [main] Count of Public Holdiays is greater than or equal to ten- Test Case Passed
2023-02-14 17:28:37,068 [INFO ] com.lms.pages.LMSHolidayListPage [main] Row :39 Clounm :4
2023-02-14 17:37:39,437 [INFO ] com.lms.common.DriverProperties [main] Initiated Edge driver
2023-02-14 17:37:39,640 [INFO ] com.lms.stepdefinition.LMSHomePageSteps [main] *********************************
2023-02-14 17:37:39,640 [INFO ] com.lms.stepdefinition.LMSHomePageSteps [main] TestCase 1 : Execution started
2023-02-14 17:37:55,059 [INFO ] com.lms.stepdefinition.LMSHomePageSteps [main] Entered the url for LMS :https://lms.ey.net/
2023-02-14 17:37:55,078 [INFO ] com.lms.stepdefinition.LMSHomePageSteps [main] LMS HomePage title is :LMS | Leave Management System- Home
2023-02-14 17:37:55,078 [INFO ] com.lms.stepdefinition.LMSHomePageSteps [main] LMS HomePage is displayed -Test Case Pass
2023-02-14 17:37:55,803 [INFO ] com.lms.common.ApplicationHooks [main] Closing the browser after test execution
2023-02-14 17:37:55,804 [INFO ] com.lms.common.ApplicationHooks [main] *************************************************
2023-02-14 17:38:00,415 [INFO ] com.lms.common.DriverProperties [main] Initiated Edge driver
2023-02-14 17:38:00,570 [INFO ] com.lms.stepdefinition.LMSHolidayListSteps [main] TestCase 2 : Execution started
2023-02-14 17:38:15,716 [INFO ] com.lms.stepdefinition.LMSHolidayListSteps [main] Entered the url for LMS :https://lms.ey.net/
2023-02-14 17:38:15,815 [INFO ] com.lms.pages.LMSHomePage [main] User clicks on the Holiday link
2023-02-14 17:38:20,872 [INFO ] com.lms.stepdefinition.LMSHolidayListSteps [main] LMS Holiday List is displayed
2023-02-14 17:38:20,873 [INFO ] com.lms.stepdefinition.LMSHolidayListSteps [main] LMS Holiday List page title is :Office Holiday list
2023-02-14 17:38:20,875 [INFO ] com.lms.pages.LMSHolidayListPage [main] Validate whether the count of public holidays is less than 10
2023-02-14 17:38:20,903 [INFO ] com.lms.pages.LMSHolidayListPage [main] No of rows in the table is: 39
2023-02-14 17:38:20,921 [INFO ] com.lms.pages.LMSHolidayListPage [main] No of columns in the table is: 4
2023-02-14 17:38:28,492 [INFO ] com.lms.pages.LMSHolidayListPage [main] Number of public holidays:11
2023-02-14 17:38:28,492 [INFO ] com.lms.stepdefinition.LMSHolidayListSteps [main] Count of Public Holdiays is greater than or equal to ten- Test Case Passed
2023-02-14 17:38:28,518 [INFO ] com.lms.pages.LMSHolidayListPage [main] Row :39 Clounm :4
2023-02-14 17:38:40,083 [INFO ] com.lms.pages.LMSHolidayListPage [main] Report generated
2023-02-14 17:38:44,325 [INFO ] com.lms.pages.LMSHolidayListPage [main] Report generated
2023-02-14 17:38:45,828 [INFO ] com.lms.common.ApplicationHooks [main] Closing the browser after test execution
2023-02-14 17:38:45,828 [INFO ] com.lms.common.ApplicationHooks [main] *************************************************
2023-02-14 17:51:03,990 [INFO ] com.lms.common.DriverProperties [main] Initiated Edge driver
2023-02-14 17:51:04,198 [INFO ] com.lms.stepdefinition.LMSHomePageSteps [main] *********************************
2023-02-14 17:51:04,199 [INFO ] com.lms.stepdefinition.LMSHomePageSteps [main] TestCase 1 : Execution started
2023-02-14 17:51:17,974 [INFO ] com.lms.stepdefinition.LMSHomePageSteps [main] Entered the url for LMS :https://lms.ey.net/
2023-02-14 17:51:17,992 [INFO ] com.lms.stepdefinition.LMSHomePageSteps [main] LMS HomePage title is :LMS | Leave Management System- Home
2023-02-14 17:51:17,993 [INFO ] com.lms.stepdefinition.LMSHomePageSteps [main] LMS HomePage is displayed -Test Case Pass
2023-02-14 17:51:18,617 [INFO ] com.lms.common.ApplicationHooks [main] Closing the browser after test execution
2023-02-14 17:51:18,617 [INFO ] com.lms.common.ApplicationHooks [main] *************************************************
2023-02-14 17:51:23,155 [INFO ] com.lms.common.DriverProperties [main] Initiated Edge driver
2023-02-14 17:51:23,308 [INFO ] com.lms.stepdefinition.LMSHolidayListSteps [main] TestCase 2 : Execution started
2023-02-14 17:51:38,257 [INFO ] com.lms.stepdefinition.LMSHolidayListSteps [main] Entered the url for LMS :https://lms.ey.net/
2023-02-14 17:51:38,511 [INFO ] com.lms.pages.LMSHomePage [main] User clicks on the Holiday link
2023-02-14 17:51:43,586 [INFO ] com.lms.stepdefinition.LMSHolidayListSteps [main] LMS Holiday List is displayed
2023-02-14 17:51:43,586 [INFO ] com.lms.stepdefinition.LMSHolidayListSteps [main] LMS Holiday List page title is :Office Holiday list
2023-02-14 17:51:43,588 [INFO ] com.lms.pages.LMSHolidayListPage [main] Validate whether the count of public holidays is less than 10
2023-02-14 17:51:43,619 [INFO ] com.lms.pages.LMSHolidayListPage [main] No of rows in the table is: 39
2023-02-14 17:51:43,643 [INFO ] com.lms.pages.LMSHolidayListPage [main] No of columns in the table is: 4
2023-02-14 17:51:50,207 [INFO ] com.lms.pages.LMSHolidayListPage [main] Number of public holidays:11
2023-02-14 17:51:50,207 [INFO ] com.lms.stepdefinition.LMSHolidayListSteps [main] Count of Public Holdiays is greater than or equal to ten- Test Case Passed
2023-02-14 17:51:50,240 [INFO ] com.lms.pages.LMSHolidayListPage [main] Row :39 Clounm :4
2023-02-14 17:51:59,799 [INFO ] com.lms.common.ApplicationHooks [main] Screenshot captured for failed test case
2023-02-14 17:51:59,799 [INFO ] com.lms.common.ApplicationHooks [main] *************************************************
2023-02-14 17:52:00,678 [INFO ] com.lms.common.ApplicationHooks [main] Closing the browser after test execution
2023-02-14 17:52:00,678 [INFO ] com.lms.common.ApplicationHooks [main] *************************************************
2023-02-14 20:10:09,787 [INFO ] com.lms.common.DriverProperties [main] Initiated Edge driver
2023-02-14 20:10:09,953 [INFO ] com.lms.stepdefinition.LMSHomePageSteps [main] *********************************
2023-02-14 20:10:09,953 [INFO ] com.lms.stepdefinition.LMSHomePageSteps [main] TestCase 1 : Execution started
2023-02-14 20:10:24,430 [INFO ] com.lms.stepdefinition.LMSHomePageSteps [main] Entered the url for LMS :https://lms.ey.net/
2023-02-14 20:10:24,447 [INFO ] com.lms.stepdefinition.LMSHomePageSteps [main] LMS HomePage title is :LMS | Leave Management System- Home
2023-02-14 20:10:24,447 [INFO ] com.lms.stepdefinition.LMSHomePageSteps [main] LMS HomePage is displayed -Test Case Pass
2023-02-14 20:10:24,930 [INFO ] com.lms.common.ApplicationHooks [main] Closing the browser after test execution
2023-02-14 20:10:24,931 [INFO ] com.lms.common.ApplicationHooks [main] *************************************************
2023-02-14 20:10:27,920 [INFO ] com.lms.common.DriverProperties [main] Initiated Edge driver
2023-02-14 20:10:28,051 [INFO ] com.lms.stepdefinition.LMSHolidayListSteps [main] TestCase 2 : Execution started
2023-02-14 20:10:41,781 [INFO ] com.lms.stepdefinition.LMSHolidayListSteps [main] Entered the url for LMS :https://lms.ey.net/
2023-02-14 20:10:41,851 [INFO ] com.lms.pages.LMSHomePage [main] User clicks on the Holiday link
2023-02-14 20:10:46,892 [INFO ] com.lms.stepdefinition.LMSHolidayListSteps [main] LMS Holiday List is displayed
2023-02-14 20:10:46,892 [INFO ] com.lms.stepdefinition.LMSHolidayListSteps [main] LMS Holiday List page title is :Office Holiday list
2023-02-14 20:10:46,893 [INFO ] com.lms.pages.LMSHolidayListPage [main] Validate whether the count of public holidays is less than 10
2023-02-14 20:10:46,918 [INFO ] com.lms.pages.LMSHolidayListPage [main] No of rows in the table is: 39
2023-02-14 20:10:46,934 [INFO ] com.lms.pages.LMSHolidayListPage [main] No of columns in the table is: 4
2023-02-14 20:10:51,889 [INFO ] com.lms.pages.LMSHolidayListPage [main] Number of public holidays:11
2023-02-14 20:10:51,889 [INFO ] com.lms.stepdefinition.LMSHolidayListSteps [main] Count of Public Holdiays is greater than or equal to ten- Test Case Passed
2023-02-14 20:10:51,914 [INFO ] com.lms.pages.LMSHolidayListPage [main] Row :39 Clounm :4
2023-02-14 20:10:58,069 [INFO ] com.lms.pages.LMSHolidayListPage [main] Printing the array one
2023-02-14 20:10:58,069 [INFO ] com.lms.pages.LMSHolidayListPage [main] [[Holiday date, Holiday Day, Holiday description, Holiday type], [null, null, null, null], [26-Jan-2023, Thursday, Republic Day, Public Holiday], [null, null, null, null], [null, null, null, null], [null, null, null, null], [null, null, null, null], [null, null, null, null], [null, null, null, null], [null, null, null, null], [07-Apr-2023, Friday, Good Friday, Public Holiday], [null, null, null, null], [null, null, null, null], [null, null, null, null], [null, null, null, null], [21-Apr-2023, Friday, Id-Ul-Fitr* (Ramzan), Public Holiday], [null, null, null, null], [01-May-2023, Monday, May Day/Maharastra Day, Public Holiday], [null, null, null, null], [28-Jun-2023, Wednesday, Id-Ul-Ad’ha (Bakrid)*, Public Holiday], [null, null, null, null], [15-Aug-2023, Tuesday, Independence Day, Public Holiday], [null, null, null, null], [28-Aug-2023, Monday, First Onam, Public Holiday], [29-Aug-2023, Tuesday, Thiruvonam, Public Holiday], [null, null, null, null], [null, null, null, null], [null, null, null, null], [null, null, null, null], [null, null, null, null], [null, null, null, null], [02-Oct-2023, Monday, Gandhi Jayanthi, Public Holiday], [23-Oct-2023, Monday, Ayutha puja / Durga Puja/ Navami, Public Holiday], [null, null, null, null], [null, null, null, null], [null, null, null, null], [null, null, null, null], [null, null, null, null], [null, null, null, null]]
2023-02-14 20:10:58,070 [INFO ] com.lms.pages.LMSHolidayListPage [main] Printing the array two
2023-02-14 20:10:58,070 [INFO ] com.lms.pages.LMSHolidayListPage [main] [[Holiday date, Holiday Day, Holiday description, Holiday type], [15-Jan-2023, Sunday, Sankranti /Pongal, Optional Holiday], [null, null, null, null], [18-Feb-2023, Saturday, Sivarathri, Optional Holiday], [07-Mar-2023, Tuesday, Holi/ Shab-e-Barat, Optional Holiday], [22-Mar-2023, Wednesday, Ugadi, Optional Holiday], [30-Mar-2023, Thursday, Sri Rama Navami, Optional Holiday], [03-Apr-2023, Monday, Mahaveer Jayanti (Karnataka), Optional Holiday], [04-Apr-2023, Tuesday, Mahavir Jayanti (Tamil Nadu, Kolkata & UP), Optional Holiday], [05-Apr-2023, Wednesday, Babu Jajivan Ram's Birthday, Optional Holiday], [null, null, null, null], [09-Apr-2023, Sunday, Easter, Optional Holiday], [14-Apr-2023, Friday, Vaisakhi / Tamil New Year / Dr. B. R. Ambedkar Jayanthi, Optional Holiday], [15-Apr-2023, Saturday, Vishu, Optional Holiday], [18-Apr-2023, Tuesday, Shab-e-Quadar, Optional Holiday], [null, null, null, null], [21-Apr-2023, Friday, Jumat-ul-Vida, Optional Holiday], [null, null, null, null], [05-May-2023, Friday, Budh Purnima, Optional Holiday], [null, null, null, null], [28-Jul-2023, Friday, Muharram, Optional Holiday], [null, null, null, null], [25-Aug-2023, Friday, Varamahalakshmi Brata, Optional Holiday], [null, null, null, null], [null, null, null, null], [31-Aug-2023, Thursday, Sree Narayana Guru Jayanthi / Rakhi Bandhan, Optional Holiday], [06-Sep-2023, Wednesday, Sri Krishna Asthami / Janmastami, Optional Holiday], [19-Sep-2023, Tuesday, Ganesh Chaturthi, Optional Holiday], [22-Sep-2023, Friday, Sree Narayana Guru Samadhi Day, Optional Holiday], [27-Sep-2023, Wednesday, Milad-i-Sherif* (Birthday of Prophet Muhammed), Optional Holiday], [28-Sep-2023, Thursday, Eid Miladun Nabi, Optional Holiday], [null, null, null, null], [null, null, null, null], [24-Oct-2023, Tuesday, Durga Puja Dasami /Bijay Dasami /Vijayadasami, Optional Holiday], [12-Nov-2023, Sunday, Deepavali/ Naraka Chaturdashi, Optional Holiday], [13-Nov-2023, Monday, Gowardhan Puja, Optional Holiday], [14-Nov-2023, Tuesday, Balipadyami, Deepavali, Optional Holiday], [15-Nov-2023, Wednesday, Bhratridwitiya /Bhai Duj, Optional Holiday], [27-Nov-2023, Monday, Kartik Purnima/ Gurunanak Jayanti, Optional Holiday]]
2023-02-14 20:10:58,539 [INFO ] com.lms.common.ApplicationHooks [main] Screenshot captured for failed test case
2023-02-14 20:10:58,539 [INFO ] com.lms.common.ApplicationHooks [main] *************************************************
2023-02-14 20:10:59,476 [INFO ] com.lms.common.ApplicationHooks [main] Closing the browser after test execution
2023-02-14 20:10:59,476 [INFO ] com.lms.common.ApplicationHooks [main] *************************************************
2023-02-14 20:30:21,659 [INFO ] com.lms.common.DriverProperties [main] Initiated Edge driver
2023-02-14 20:30:21,845 [INFO ] com.lms.stepdefinition.LMSHomePageSteps [main] *********************************
2023-02-14 20:30:21,845 [INFO ] com.lms.stepdefinition.LMSHomePageSteps [main] TestCase 1 : Execution started
2023-02-14 20:30:36,035 [INFO ] com.lms.stepdefinition.LMSHomePageSteps [main] Entered the url for LMS :https://lms.ey.net/
2023-02-14 20:30:36,056 [INFO ] com.lms.stepdefinition.LMSHomePageSteps [main] LMS HomePage title is :LMS | Leave Management System- Home
2023-02-14 20:30:36,056 [INFO ] com.lms.stepdefinition.LMSHomePageSteps [main] LMS HomePage is displayed -Test Case Pass
2023-02-14 20:30:36,860 [INFO ] com.lms.common.ApplicationHooks [main] Closing the browser after test execution
2023-02-14 20:30:36,860 [INFO ] com.lms.common.ApplicationHooks [main] *************************************************
2023-02-14 20:30:41,419 [INFO ] com.lms.common.DriverProperties [main] Initiated Edge driver
2023-02-14 20:30:41,573 [INFO ] com.lms.stepdefinition.LMSHolidayListSteps [main] TestCase 2 : Execution started
2023-02-14 20:30:55,141 [INFO ] com.lms.stepdefinition.LMSHolidayListSteps [main] Entered the url for LMS :https://lms.ey.net/
2023-02-14 20:30:55,241 [INFO ] com.lms.pages.LMSHomePage [main] User clicks on the Holiday link
2023-02-14 20:31:00,288 [INFO ] com.lms.stepdefinition.LMSHolidayListSteps [main] LMS Holiday List is displayed
2023-02-14 20:31:00,289 [INFO ] com.lms.stepdefinition.LMSHolidayListSteps [main] LMS Holiday List page title is :Office Holiday list
2023-02-14 20:31:00,290 [INFO ] com.lms.pages.LMSHolidayListPage [main] Validate whether the count of public holidays is less than 10
2023-02-14 20:31:00,317 [INFO ] com.lms.pages.LMSHolidayListPage [main] No of rows in the table is: 39
2023-02-14 20:31:00,337 [INFO ] com.lms.pages.LMSHolidayListPage [main] No of columns in the table is: 4
2023-02-14 20:31:06,210 [INFO ] com.lms.pages.LMSHolidayListPage [main] Number of public holidays:11
2023-02-14 20:31:06,210 [INFO ] com.lms.stepdefinition.LMSHolidayListSteps [main] Count of Public Holdiays is greater than or equal to ten- Test Case Passed
2023-02-14 20:31:06,233 [INFO ] com.lms.pages.LMSHolidayListPage [main] Row :39 Clounm :4
2023-02-14 20:31:13,355 [INFO ] com.lms.pages.LMSHolidayListPage [main] Printing the array one
2023-02-14 20:31:13,355 [INFO ] com.lms.pages.LMSHolidayListPage [main] [[Holiday date, Holiday Day, Holiday description, Holiday type], [null, null, null, null], [26-Jan-2023, Thursday, Republic Day, Public Holiday], [null, null, null, null], [null, null, null, null], [null, null, null, null], [null, null, null, null], [null, null, null, null], [null, null, null, null], [null, null, null, null], [07-Apr-2023, Friday, Good Friday, Public Holiday], [null, null, null, null], [null, null, null, null], [null, null, null, null], [null, null, null, null], [21-Apr-2023, Friday, Id-Ul-Fitr* (Ramzan), Public Holiday], [null, null, null, null], [01-May-2023, Monday, May Day/Maharastra Day, Public Holiday], [null, null, null, null], [28-Jun-2023, Wednesday, Id-Ul-Ad’ha (Bakrid)*, Public Holiday], [null, null, null, null], [15-Aug-2023, Tuesday, Independence Day, Public Holiday], [null, null, null, null], [28-Aug-2023, Monday, First Onam, Public Holiday], [29-Aug-2023, Tuesday, Thiruvonam, Public Holiday], [null, null, null, null], [null, null, null, null], [null, null, null, null], [null, null, null, null], [null, null, null, null], [null, null, null, null], [02-Oct-2023, Monday, Gandhi Jayanthi, Public Holiday], [23-Oct-2023, Monday, Ayutha puja / Durga Puja/ Navami, Public Holiday], [null, null, null, null], [null, null, null, null], [null, null, null, null], [null, null, null, null], [null, null, null, null], [null, null, null, null]]
2023-02-14 20:31:13,356 [INFO ] com.lms.pages.LMSHolidayListPage [main] Printing the array two
2023-02-14 20:31:13,357 [INFO ] com.lms.pages.LMSHolidayListPage [main] [[Holiday date, Holiday Day, Holiday description, Holiday type], [15-Jan-2023, Sunday, Sankranti /Pongal, Optional Holiday], [null, null, null, null], [18-Feb-2023, Saturday, Sivarathri, Optional Holiday], [07-Mar-2023, Tuesday, Holi/ Shab-e-Barat, Optional Holiday], [22-Mar-2023, Wednesday, Ugadi, Optional Holiday], [30-Mar-2023, Thursday, Sri Rama Navami, Optional Holiday], [03-Apr-2023, Monday, Mahaveer Jayanti (Karnataka), Optional Holiday], [04-Apr-2023, Tuesday, Mahavir Jayanti (Tamil Nadu, Kolkata & UP), Optional Holiday], [05-Apr-2023, Wednesday, Babu Jajivan Ram's Birthday, Optional Holiday], [null, null, null, null], [09-Apr-2023, Sunday, Easter, Optional Holiday], [14-Apr-2023, Friday, Vaisakhi / Tamil New Year / Dr. B. R. Ambedkar Jayanthi, Optional Holiday], [15-Apr-2023, Saturday, Vishu, Optional Holiday], [18-Apr-2023, Tuesday, Shab-e-Quadar, Optional Holiday], [null, null, null, null], [21-Apr-2023, Friday, Jumat-ul-Vida, Optional Holiday], [null, null, null, null], [05-May-2023, Friday, Budh Purnima, Optional Holiday], [null, null, null, null], [28-Jul-2023, Friday, Muharram, Optional Holiday], [null, null, null, null], [25-Aug-2023, Friday, Varamahalakshmi Brata, Optional Holiday], [null, null, null, null], [null, null, null, null], [31-Aug-2023, Thursday, Sree Narayana Guru Jayanthi / Rakhi Bandhan, Optional Holiday], [06-Sep-2023, Wednesday, Sri Krishna Asthami / Janmastami, Optional Holiday], [19-Sep-2023, Tuesday, Ganesh Chaturthi, Optional Holiday], [22-Sep-2023, Friday, Sree Narayana Guru Samadhi Day, Optional Holiday], [27-Sep-2023, Wednesday, Milad-i-Sherif* (Birthday of Prophet Muhammed), Optional Holiday], [28-Sep-2023, Thursday, Eid Miladun Nabi, Optional Holiday], [null, null, null, null], [null, null, null, null], [24-Oct-2023, Tuesday, Durga Puja Dasami /Bijay Dasami /Vijayadasami, Optional Holiday], [12-Nov-2023, Sunday, Deepavali/ Naraka Chaturdashi, Optional Holiday], [13-Nov-2023, Monday, Gowardhan Puja, Optional Holiday], [14-Nov-2023, Tuesday, Balipadyami, Deepavali, Optional Holiday], [15-Nov-2023, Wednesday, Bhratridwitiya /Bhai Duj, Optional Holiday], [27-Nov-2023, Monday, Kartik Purnima/ Gurunanak Jayanti, Optional Holiday]]
2023-02-14 20:31:14,743 [INFO ] com.lms.pages.LMSHolidayListPage [main] Report generated
2023-02-14 20:31:14,872 [INFO ] com.lms.pages.LMSHolidayListPage [main] Report generated
2023-02-14 20:31:15,755 [INFO ] com.lms.common.ApplicationHooks [main] Closing the browser after test execution
2023-02-14 20:31:15,756 [INFO ] com.lms.common.ApplicationHooks [main] *************************************************
2023-02-14 20:38:05,588 [INFO ] com.lms.common.DriverProperties [main] Initiated Edge driver
2023-02-14 20:38:05,760 [INFO ] com.lms.stepdefinition.LMSHomePageSteps [main] *********************************
2023-02-14 20:38:05,760 [INFO ] com.lms.stepdefinition.LMSHomePageSteps [main] TestCase 1 : Execution started
2023-02-14 20:38:19,550 [INFO ] com.lms.stepdefinition.LMSHomePageSteps [main] Entered the url for LMS :https://lms.ey.net/
2023-02-14 20:38:19,571 [INFO ] com.lms.stepdefinition.LMSHomePageSteps [main] LMS HomePage title is :LMS | Leave Management System- Home
2023-02-14 20:38:19,571 [INFO ] com.lms.stepdefinition.LMSHomePageSteps [main] LMS HomePage is displayed -Test Case Pass
2023-02-14 20:38:20,145 [INFO ] com.lms.common.ApplicationHooks [main] Closing the browser after test execution
2023-02-14 20:38:20,145 [INFO ] com.lms.common.ApplicationHooks [main] *************************************************
2023-02-14 20:38:24,211 [INFO ] com.lms.common.DriverProperties [main] Initiated Edge driver
2023-02-14 20:38:24,378 [INFO ] com.lms.stepdefinition.LMSHolidayListSteps [main] TestCase 2 : Execution started
2023-02-14 20:38:46,307 [INFO ] com.lms.stepdefinition.LMSHolidayListSteps [main] Entered the url for LMS :https://lms.ey.net/
2023-02-14 20:38:46,423 [INFO ] com.lms.pages.LMSHomePage [main] User clicks on the Holiday link
2023-02-14 20:38:51,481 [INFO ] com.lms.stepdefinition.LMSHolidayListSteps [main] LMS Holiday List is displayed
2023-02-14 20:38:51,481 [INFO ] com.lms.stepdefinition.LMSHolidayListSteps [main] LMS Holiday List page title is :Office Holiday list
2023-02-14 20:38:51,483 [INFO ] com.lms.pages.LMSHolidayListPage [main] Validate whether the count of public holidays is less than 10
2023-02-14 20:38:51,521 [INFO ] com.lms.pages.LMSHolidayListPage [main] No of rows in the table is: 39
2023-02-14 20:38:51,554 [INFO ] com.lms.pages.LMSHolidayListPage [main] No of columns in the table is: 4
2023-02-14 20:38:57,077 [INFO ] com.lms.pages.LMSHolidayListPage [main] Number of public holidays:11
2023-02-14 20:38:57,078 [INFO ] com.lms.stepdefinition.LMSHolidayListSteps [main] Count of Public Holdiays is greater than or equal to ten- Test Case Passed
2023-02-14 20:38:57,104 [INFO ] com.lms.pages.LMSHolidayListPage [main] Row :39 Clounm :4
2023-02-14 20:39:03,364 [INFO ] com.lms.pages.LMSHolidayListPage [main] Printing the array one
2023-02-14 20:39:03,365 [INFO ] com.lms.pages.LMSHolidayListPage [main] [[Holiday date, Holiday Day, Holiday description, Holiday type], [null, null, null, null], [26-Jan-2023, Thursday, Republic Day, Public Holiday], [null, null, null, null], [null, null, null, null], [null, null, null, null], [null, null, null, null], [null, null, null, null], [null, null, null, null], [null, null, null, null], [07-Apr-2023, Friday, Good Friday, Public Holiday], [null, null, null, null], [null, null, null, null], [null, null, null, null], [null, null, null, null], [21-Apr-2023, Friday, Id-Ul-Fitr* (Ramzan), Public Holiday], [null, null, null, null], [01-May-2023, Monday, May Day/Maharastra Day, Public Holiday], [null, null, null, null], [28-Jun-2023, Wednesday, Id-Ul-Ad’ha (Bakrid)*, Public Holiday], [null, null, null, null], [15-Aug-2023, Tuesday, Independence Day, Public Holiday], [null, null, null, null], [28-Aug-2023, Monday, First Onam, Public Holiday], [29-Aug-2023, Tuesday, Thiruvonam, Public Holiday], [null, null, null, null], [null, null, null, null], [null, null, null, null], [null, null, null, null], [null, null, null, null], [null, null, null, null], [02-Oct-2023, Monday, Gandhi Jayanthi, Public Holiday], [23-Oct-2023, Monday, Ayutha puja / Durga Puja/ Navami, Public Holiday], [null, null, null, null], [null, null, null, null], [null, null, null, null], [null, null, null, null], [null, null, null, null], [null, null, null, null]]
2023-02-14 20:39:03,365 [INFO ] com.lms.pages.LMSHolidayListPage [main] Printing the array two
2023-02-14 20:39:03,365 [INFO ] com.lms.pages.LMSHolidayListPage [main] [[Holiday date, Holiday Day, Holiday description, Holiday type], [15-Jan-2023, Sunday, Sankranti /Pongal, Optional Holiday], [null, null, null, null], [18-Feb-2023, Saturday, Sivarathri, Optional Holiday], [07-Mar-2023, Tuesday, Holi/ Shab-e-Barat, Optional Holiday], [22-Mar-2023, Wednesday, Ugadi, Optional Holiday], [30-Mar-2023, Thursday, Sri Rama Navami, Optional Holiday], [03-Apr-2023, Monday, Mahaveer Jayanti (Karnataka), Optional Holiday], [04-Apr-2023, Tuesday, Mahavir Jayanti (Tamil Nadu, Kolkata & UP), Optional Holiday], [05-Apr-2023, Wednesday, Babu Jajivan Ram's Birthday, Optional Holiday], [null, null, null, null], [09-Apr-2023, Sunday, Easter, Optional Holiday], [14-Apr-2023, Friday, Vaisakhi / Tamil New Year / Dr. B. R. Ambedkar Jayanthi, Optional Holiday], [15-Apr-2023, Saturday, Vishu, Optional Holiday], [18-Apr-2023, Tuesday, Shab-e-Quadar, Optional Holiday], [null, null, null, null], [21-Apr-2023, Friday, Jumat-ul-Vida, Optional Holiday], [null, null, null, null], [05-May-2023, Friday, Budh Purnima, Optional Holiday], [null, null, null, null], [28-Jul-2023, Friday, Muharram, Optional Holiday], [null, null, null, null], [25-Aug-2023, Friday, Varamahalakshmi Brata, Optional Holiday], [null, null, null, null], [null, null, null, null], [31-Aug-2023, Thursday, Sree Narayana Guru Jayanthi / Rakhi Bandhan, Optional Holiday], [06-Sep-2023, Wednesday, Sri Krishna Asthami / Janmastami, Optional Holiday], [19-Sep-2023, Tuesday, Ganesh Chaturthi, Optional Holiday], [22-Sep-2023, Friday, Sree Narayana Guru Samadhi Day, Optional Holiday], [27-Sep-2023, Wednesday, Milad-i-Sherif* (Birthday of Prophet Muhammed), Optional Holiday], [28-Sep-2023, Thursday, Eid Miladun Nabi, Optional Holiday], [null, null, null, null], [null, null, null, null], [24-Oct-2023, Tuesday, Durga Puja Dasami /Bijay Dasami /Vijayadasami, Optional Holiday], [12-Nov-2023, Sunday, Deepavali/ Naraka Chaturdashi, Optional Holiday], [13-Nov-2023, Monday, Gowardhan Puja, Optional Holiday], [14-Nov-2023, Tuesday, Balipadyami, Deepavali, Optional Holiday], [15-Nov-2023, Wednesday, Bhratridwitiya /Bhai Duj, Optional Holiday], [27-Nov-2023, Monday, Kartik Purnima/ Gurunanak Jayanti, Optional Holiday]]
2023-02-14 20:39:55,243 [INFO ] com.lms.pages.LMSHolidayListPage [main] Report generated
2023-02-14 20:40:08,738 [INFO ] com.lms.pages.LMSHolidayListPage [main] Report generated
2023-02-14 20:40:09,502 [INFO ] com.lms.common.ApplicationHooks [main] Closing the browser after test execution
2023-02-14 20:40:09,502 [INFO ] com.lms.common.ApplicationHooks [main] *************************************************
2023-02-14 20:41:26,592 [INFO ] com.lms.common.DriverProperties [main] Initiated Edge driver
2023-02-14 20:41:26,781 [INFO ] com.lms.stepdefinition.LMSHomePageSteps [main] *********************************
2023-02-14 20:41:26,781 [INFO ] com.lms.stepdefinition.LMSHomePageSteps [main] TestCase 1 : Execution started
2023-02-14 20:41:40,489 [INFO ] com.lms.stepdefinition.LMSHomePageSteps [main] Entered the url for LMS :https://lms.ey.net/
2023-02-14 20:41:40,505 [INFO ] com.lms.stepdefinition.LMSHomePageSteps [main] LMS HomePage title is :LMS | Leave Management System- Home
2023-02-14 20:41:40,506 [INFO ] com.lms.stepdefinition.LMSHomePageSteps [main] LMS HomePage is displayed -Test Case Pass
2023-02-14 20:41:41,049 [INFO ] com.lms.common.ApplicationHooks [main] Closing the browser after test execution
2023-02-14 20:41:41,050 [INFO ] com.lms.common.ApplicationHooks [main] *************************************************
2023-02-14 20:41:44,418 [INFO ] com.lms.common.DriverProperties [main] Initiated Edge driver
2023-02-14 20:41:44,603 [INFO ] com.lms.stepdefinition.LMSHolidayListSteps [main] TestCase 2 : Execution started
2023-02-14 20:41:57,266 [INFO ] com.lms.stepdefinition.LMSHolidayListSteps [main] Entered the url for LMS :https://lms.ey.net/
2023-02-14 20:41:57,360 [INFO ] com.lms.pages.LMSHomePage [main] User clicks on the Holiday link
2023-02-14 20:42:02,401 [INFO ] com.lms.stepdefinition.LMSHolidayListSteps [main] LMS Holiday List is displayed
2023-02-14 20:42:02,401 [INFO ] com.lms.stepdefinition.LMSHolidayListSteps [main] LMS Holiday List page title is :Office Holiday list
2023-02-14 20:42:02,402 [INFO ] com.lms.pages.LMSHolidayListPage [main] Validate whether the count of public holidays is less than 10
2023-02-14 20:42:02,423 [INFO ] com.lms.pages.LMSHolidayListPage [main] No of rows in the table is: 39
2023-02-14 20:42:02,440 [INFO ] com.lms.pages.LMSHolidayListPage [main] No of columns in the table is: 4
2023-02-14 20:42:06,856 [INFO ] com.lms.pages.LMSHolidayListPage [main] Number of public holidays:11
2023-02-14 20:42:06,856 [INFO ] com.lms.stepdefinition.LMSHolidayListSteps [main] Count of Public Holdiays is greater than or equal to ten- Test Case Passed
2023-02-14 20:42:06,876 [INFO ] com.lms.pages.LMSHolidayListPage [main] Row :39 Clounm :4
2023-02-14 20:42:13,024 [INFO ] com.lms.pages.LMSHolidayListPage [main] Printing the array one
2023-02-14 20:42:13,024 [INFO ] com.lms.pages.LMSHolidayListPage [main] [[Holiday date, Holiday Day, Holiday description, Holiday type], [null, null, null, null], [26-Jan-2023, Thursday, Republic Day, Public Holiday], [null, null, null, null], [null, null, null, null], [null, null, null, null], [null, null, null, null], [null, null, null, null], [null, null, null, null], [null, null, null, null], [07-Apr-2023, Friday, Good Friday, Public Holiday], [null, null, null, null], [null, null, null, null], [null, null, null, null], [null, null, null, null], [21-Apr-2023, Friday, Id-Ul-Fitr* (Ramzan), Public Holiday], [null, null, null, null], [01-May-2023, Monday, May Day/Maharastra Day, Public Holiday], [null, null, null, null], [28-Jun-2023, Wednesday, Id-Ul-Ad’ha (Bakrid)*, Public Holiday], [null, null, null, null], [15-Aug-2023, Tuesday, Independence Day, Public Holiday], [null, null, null, null], [28-Aug-2023, Monday, First Onam, Public Holiday], [29-Aug-2023, Tuesday, Thiruvonam, Public Holiday], [null, null, null, null], [null, null, null, null], [null, null, null, null], [null, null, null, null], [null, null, null, null], [null, null, null, null], [02-Oct-2023, Monday, Gandhi Jayanthi, Public Holiday], [23-Oct-2023, Monday, Ayutha puja / Durga Puja/ Navami, Public Holiday], [null, null, null, null], [null, null, null, null], [null, null, null, null], [null, null, null, null], [null, null, null, null], [null, null, null, null]]
2023-02-14 20:42:13,025 [INFO ] com.lms.pages.LMSHolidayListPage [main] Printing the array two
2023-02-14 20:42:13,025 [INFO ] com.lms.pages.LMSHolidayListPage [main] [[Holiday date, Holiday Day, Holiday description, Holiday type], [15-Jan-2023, Sunday, Sankranti /Pongal, Optional Holiday], [null, null, null, null], [18-Feb-2023, Saturday, Sivarathri, Optional Holiday], [07-Mar-2023, Tuesday, Holi/ Shab-e-Barat, Optional Holiday], [22-Mar-2023, Wednesday, Ugadi, Optional Holiday], [30-Mar-2023, Thursday, Sri Rama Navami, Optional Holiday], [03-Apr-2023, Monday, Mahaveer Jayanti (Karnataka), Optional Holiday], [04-Apr-2023, Tuesday, Mahavir Jayanti (Tamil Nadu, Kolkata & UP), Optional Holiday], [05-Apr-2023, Wednesday, Babu Jajivan Ram's Birthday, Optional Holiday], [null, null, null, null], [09-Apr-2023, Sunday, Easter, Optional Holiday], [14-Apr-2023, Friday, Vaisakhi / Tamil New Year / Dr. B. R. Ambedkar Jayanthi, Optional Holiday], [15-Apr-2023, Saturday, Vishu, Optional Holiday], [18-Apr-2023, Tuesday, Shab-e-Quadar, Optional Holiday], [null, null, null, null], [21-Apr-2023, Friday, Jumat-ul-Vida, Optional Holiday], [null, null, null, null], [05-May-2023, Friday, Budh Purnima, Optional Holiday], [null, null, null, null], [28-Jul-2023, Friday, Muharram, Optional Holiday], [null, null, null, null], [25-Aug-2023, Friday, Varamahalakshmi Brata, Optional Holiday], [null, null, null, null], [null, null, null, null], [31-Aug-2023, Thursday, Sree Narayana Guru Jayanthi / Rakhi Bandhan, Optional Holiday], [06-Sep-2023, Wednesday, Sri Krishna Asthami / Janmastami, Optional Holiday], [19-Sep-2023, Tuesday, Ganesh Chaturthi, Optional Holiday], [22-Sep-2023, Friday, Sree Narayana Guru Samadhi Day, Optional Holiday], [27-Sep-2023, Wednesday, Milad-i-Sherif* (Birthday of Prophet Muhammed), Optional Holiday], [28-Sep-2023, Thursday, Eid Miladun Nabi, Optional Holiday], [null, null, null, null], [null, null, null, null], [24-Oct-2023, Tuesday, Durga Puja Dasami /Bijay Dasami /Vijayadasami, Optional Holiday], [12-Nov-2023, Sunday, Deepavali/ Naraka Chaturdashi, Optional Holiday], [13-Nov-2023, Monday, Gowardhan Puja, Optional Holiday], [14-Nov-2023, Tuesday, Balipadyami, Deepavali, Optional Holiday], [15-Nov-2023, Wednesday, Bhratridwitiya /Bhai Duj, Optional Holiday], [27-Nov-2023, Monday, Kartik Purnima/ Gurunanak Jayanti, Optional Holiday]]
2023-02-14 20:42:32,771 [INFO ] com.lms.pages.LMSHolidayListPage [main] Report generated
2023-02-14 20:43:38,995 [INFO ] com.lms.common.DriverProperties [main] Initiated Edge driver
2023-02-14 20:43:39,171 [INFO ] com.lms.stepdefinition.LMSHomePageSteps [main] *********************************
2023-02-14 20:43:39,171 [INFO ] com.lms.stepdefinition.LMSHomePageSteps [main] TestCase 1 : Execution started
2023-02-14 20:43:53,869 [INFO ] com.lms.stepdefinition.LMSHomePageSteps [main] Entered the url for LMS :https://lms.ey.net/
2023-02-14 20:43:53,883 [INFO ] com.lms.stepdefinition.LMSHomePageSteps [main] LMS HomePage title is :LMS | Leave Management System- Home
2023-02-14 20:43:53,883 [INFO ] com.lms.stepdefinition.LMSHomePageSteps [main] LMS HomePage is displayed -Test Case Pass
2023-02-14 20:43:54,371 [INFO ] com.lms.common.ApplicationHooks [main] Closing the browser after test execution
2023-02-14 20:43:54,371 [INFO ] com.lms.common.ApplicationHooks [main] *************************************************
2023-02-14 20:43:57,247 [INFO ] com.lms.common.DriverProperties [main] Initiated Edge driver
2023-02-14 20:43:57,393 [INFO ] com.lms.stepdefinition.LMSHolidayListSteps [main] TestCase 2 : Execution started
2023-02-14 20:44:10,726 [INFO ] com.lms.stepdefinition.LMSHolidayListSteps [main] Entered the url for LMS :https://lms.ey.net/
2023-02-14 20:44:10,814 [INFO ] com.lms.pages.LMSHomePage [main] User clicks on the Holiday link
2023-02-14 20:44:15,856 [INFO ] com.lms.stepdefinition.LMSHolidayListSteps [main] LMS Holiday List is displayed
2023-02-14 20:44:15,856 [INFO ] com.lms.stepdefinition.LMSHolidayListSteps [main] LMS Holiday List page title is :Office Holiday list
2023-02-14 20:44:15,857 [INFO ] com.lms.pages.LMSHolidayListPage [main] Validate whether the count of public holidays is less than 10
2023-02-14 20:44:15,880 [INFO ] com.lms.pages.LMSHolidayListPage [main] No of rows in the table is: 39
2023-02-14 20:44:15,899 [INFO ] com.lms.pages.LMSHolidayListPage [main] No of columns in the table is: 4
2023-02-14 20:44:20,241 [INFO ] com.lms.pages.LMSHolidayListPage [main] Number of public holidays:11
2023-02-14 20:44:20,242 [INFO ] com.lms.stepdefinition.LMSHolidayListSteps [main] Count of Public Holdiays is greater than or equal to ten- Test Case Passed
2023-02-14 20:44:20,259 [INFO ] com.lms.pages.LMSHolidayListPage [main] Row :39 Clounm :4
2023-02-14 20:44:25,940 [INFO ] com.lms.pages.LMSHolidayListPage [main] Printing the array one
2023-02-14 20:44:25,941 [INFO ] com.lms.pages.LMSHolidayListPage [main] [[Holiday date, Holiday Day, Holiday description, Holiday type], [null, null, null, null], [26-Jan-2023, Thursday, Republic Day, Public Holiday], [null, null, null, null], [null, null, null, null], [null, null, null, null], [null, null, null, null], [null, null, null, null], [null, null, null, null], [null, null, null, null], [07-Apr-2023, Friday, Good Friday, Public Holiday], [null, null, null, null], [null, null, null, null], [null, null, null, null], [null, null, null, null], [21-Apr-2023, Friday, Id-Ul-Fitr* (Ramzan), Public Holiday], [null, null, null, null], [01-May-2023, Monday, May Day/Maharastra Day, Public Holiday], [null, null, null, null], [28-Jun-2023, Wednesday, Id-Ul-Ad’ha (Bakrid)*, Public Holiday], [null, null, null, null], [15-Aug-2023, Tuesday, Independence Day, Public Holiday], [null, null, null, null], [28-Aug-2023, Monday, First Onam, Public Holiday], [29-Aug-2023, Tuesday, Thiruvonam, Public Holiday], [null, null, null, null], [null, null, null, null], [null, null, null, null], [null, null, null, null], [null, null, null, null], [null, null, null, null], [02-Oct-2023, Monday, Gandhi Jayanthi, Public Holiday], [23-Oct-2023, Monday, Ayutha puja / Durga Puja/ Navami, Public Holiday], [null, null, null, null], [null, null, null, null], [null, null, null, null], [null, null, null, null], [null, null, null, null], [null, null, null, null]]
2023-02-14 20:44:25,941 [INFO ] com.lms.pages.LMSHolidayListPage [main] Printing the array two
2023-02-14 20:44:25,941 [INFO ] com.lms.pages.LMSHolidayListPage [main] [[Holiday date, Holiday Day, Holiday description, Holiday type], [15-Jan-2023, Sunday, Sankranti /Pongal, Optional Holiday], [null, null, null, null], [18-Feb-2023, Saturday, Sivarathri, Optional Holiday], [07-Mar-2023, Tuesday, Holi/ Shab-e-Barat, Optional Holiday], [22-Mar-2023, Wednesday, Ugadi, Optional Holiday], [30-Mar-2023, Thursday, Sri Rama Navami, Optional Holiday], [03-Apr-2023, Monday, Mahaveer Jayanti (Karnataka), Optional Holiday], [04-Apr-2023, Tuesday, Mahavir Jayanti (Tamil Nadu, Kolkata & UP), Optional Holiday], [05-Apr-2023, Wednesday, Babu Jajivan Ram's Birthday, Optional Holiday], [null, null, null, null], [09-Apr-2023, Sunday, Easter, Optional Holiday], [14-Apr-2023, Friday, Vaisakhi / Tamil New Year / Dr. B. R. Ambedkar Jayanthi, Optional Holiday], [15-Apr-2023, Saturday, Vishu, Optional Holiday], [18-Apr-2023, Tuesday, Shab-e-Quadar, Optional Holiday], [null, null, null, null], [21-Apr-2023, Friday, Jumat-ul-Vida, Optional Holiday], [null, null, null, null], [05-May-2023, Friday, Budh Purnima, Optional Holiday], [null, null, null, null], [28-Jul-2023, Friday, Muharram, Optional Holiday], [null, null, null, null], [25-Aug-2023, Friday, Varamahalakshmi Brata, Optional Holiday], [null, null, null, null], [null, null, null, null], [31-Aug-2023, Thursday, Sree Narayana Guru Jayanthi / Rakhi Bandhan, Optional Holiday], [06-Sep-2023, Wednesday, Sri Krishna Asthami / Janmastami, Optional Holiday], [19-Sep-2023, Tuesday, Ganesh Chaturthi, Optional Holiday], [22-Sep-2023, Friday, Sree Narayana Guru Samadhi Day, Optional Holiday], [27-Sep-2023, Wednesday, Milad-i-Sherif* (Birthday of Prophet Muhammed), Optional Holiday], [28-Sep-2023, Thursday, Eid Miladun Nabi, Optional Holiday], [null, null, null, null], [null, null, null, null], [24-Oct-2023, Tuesday, Durga Puja Dasami /Bijay Dasami /Vijayadasami, Optional Holiday], [12-Nov-2023, Sunday, Deepavali/ Naraka Chaturdashi, Optional Holiday], [13-Nov-2023, Monday, Gowardhan Puja, Optional Holiday], [14-Nov-2023, Tuesday, Balipadyami, Deepavali, Optional Holiday], [15-Nov-2023, Wednesday, Bhratridwitiya /Bhai Duj, Optional Holiday], [27-Nov-2023, Monday, Kartik Purnima/ Gurunanak Jayanti, Optional Holiday]]
2023-02-14 20:44:26,832 [INFO ] com.lms.pages.LMSHolidayListPage [main] Report generated
2023-02-14 20:44:26,912 [INFO ] com.lms.pages.LMSHolidayListPage [main] Report generated
2023-02-14 20:44:27,623 [INFO ] com.lms.common.ApplicationHooks [main] Closing the browser after test execution
2023-02-14 20:44:27,623 [INFO ] com.lms.common.ApplicationHooks [main] *************************************************
